[ 2024-09-02 12:34:23,771] 23 root - INFO - Entered the 'data ingestion' method or component
[ 2024-09-02 12:34:30,863] 28 root - INFO - Read the dataset as DataFrame
[ 2024-09-02 12:34:31,102] 34 root - INFO - Train Test split initiated
[ 2024-09-02 12:34:31,350] 38 root - INFO - Ingestion of the data completed
[ 2024-09-02 12:34:32,786] 59 root - INFO - Read train and test data completed
[ 2024-09-02 12:34:32,790] 60 root - INFO - Train Dataframe Head : 
          Timestamp  From Bank    Account  To Bank  Account.1  Amount Received Receiving Currency   Amount Paid Payment Currency Payment Format  Is Laundering
0  2022/09/02 11:26     353132  814282F31   255063  814282BC1          0.02664            Bitcoin       0.02664          Bitcoin        Bitcoin              0
1  2022/09/02 04:29      29003  80B58DFD0   123390  80EC2ACA0      91604.31000          US Dollar   91604.31000        US Dollar            ACH              0
2  2022/09/10 01:30     143430  810A32FA0   244192  811917200       2145.51000             Shekel    2145.51000           Shekel         Cheque              0
3  2022/09/07 21:25      16678  806484950    17554  806AAFE90     108457.21000              Ruble  108457.21000            Ruble         Cheque              0
4  2022/09/02 06:22        210  809181590    24779  80924A880       7577.02000    Canadian Dollar    7577.02000  Canadian Dollar    Credit Card              0
[ 2024-09-02 12:34:32,794] 61 root - INFO - Test Dataframe Head : 
          Timestamp  From Bank    Account  To Bank  Account.1  Amount Received Receiving Currency  Amount Paid Payment Currency Payment Format  Is Laundering
0  2022/09/09 19:26      33727  80C66DAE0    33727  80C66DAE0         16515.55          US Dollar    349189.96     Mexican Peso            ACH              0
1  2022/09/08 18:24      28694  8036FA390   122151  80BDB1470           169.14          US Dollar       169.14        US Dollar           Cash              0
2  2022/09/05 16:06         70  1004286A8    13057  80189B650         19878.41               Euro     19878.41             Euro    Credit Card              0
3  2022/09/06 15:53          9  8060A15C0        9  8060B3140          8390.38              Ruble      8390.38            Ruble           Cash              0
4  2022/09/09 19:12       1853  801449850    17729  808FBDE10            98.92          US Dollar        98.92        US Dollar         Cheque              0
[ 2024-09-02 12:34:32,797] 72 root - INFO - Obtaining proprocessing object
[ 2024-09-02 12:34:32,798] 47 root - INFO - Preprocessed both numerical and categorical columns
[ 2024-09-02 12:34:32,798] 75 root - INFO - Applying preprocessing object on training and testing datasets.
[ 2024-09-02 12:34:33,519] 87 root - INFO - Saved data preprocessing object
[ 2024-09-02 12:34:33,632] 27 root - INFO - Get Independent features and Dependent feature from Train and Test datasets
[ 2024-09-02 12:34:33,633] 35 root - INFO - Imbalance dataset - upsampling the train data
[ 2024-09-02 12:34:33,640] 46 root - INFO - Before SMOTE: Counter({0.0: 39959, 1.0: 41})
[ 2024-09-02 12:34:33,673] 48 root - INFO - After SMOTE: Counter({0.0: 39959, 1.0: 39959})
[ 2024-09-02 12:34:33,673] 49 root - INFO - 
====== Upsampling the minority class data completed ======
[ 2024-09-02 12:34:33,677] 77 root - INFO - Grid Search started for RandomForestClassifier()
[ 2024-09-02 12:38:14,446] 80 root - INFO - Grid Search completed for RandomForestClassifier()
[ 2024-09-02 12:38:14,447] 83 root - INFO - Best parameters:
{'n_estimators': 100}
[ 2024-09-02 12:38:42,862] 77 root - INFO - Grid Search started for AdaBoostClassifier()
[ 2024-09-02 12:45:10,794] 80 root - INFO - Grid Search completed for AdaBoostClassifier()
[ 2024-09-02 12:45:10,794] 83 root - INFO - Best parameters:
{'learning_rate': 1.0, 'n_estimators': 200}
[ 2024-09-02 12:45:37,513] 77 root - INFO - Grid Search started for GradientBoostingClassifier()
