[ 2024-09-13 09:30:19,551] 23 root - INFO - Entered the 'data ingestion' method or component
[ 2024-09-13 09:30:26,530] 28 root - INFO - Read the dataset as DataFrame
[ 2024-09-13 09:30:26,765] 34 root - INFO - Train Test split initiated
[ 2024-09-13 09:30:27,016] 38 root - INFO - Ingestion of the data completed
[ 2024-09-13 09:30:27,327] 56 root - INFO - Reading train and test data completed
[ 2024-09-13 09:30:27,328] 60 root - INFO - Train and Test dataframe columns name renamed
[ 2024-09-13 09:30:27,332] 62 root - INFO - Train Dataframe Head : 
          timestamp  from_bank    account  to_bank  account_1  amount_received receiving_currency   amount_paid payment_currency payment_format  is_laundering
0  2022/09/02 11:26     353132  814282F31   255063  814282BC1          0.02664            Bitcoin       0.02664          Bitcoin        Bitcoin              0
1  2022/09/02 04:29      29003  80B58DFD0   123390  80EC2ACA0      91604.31000          US Dollar   91604.31000        US Dollar            ACH              0
2  2022/09/10 01:30     143430  810A32FA0   244192  811917200       2145.51000             Shekel    2145.51000           Shekel         Cheque              0
3  2022/09/07 21:25      16678  806484950    17554  806AAFE90     108457.21000              Ruble  108457.21000            Ruble         Cheque              0
4  2022/09/02 06:22        210  809181590    24779  80924A880       7577.02000    Canadian Dollar    7577.02000  Canadian Dollar    Credit Card              0
[ 2024-09-13 09:30:27,336] 63 root - INFO - Test Dataframe Head : 
          timestamp  from_bank    account  to_bank  account_1  amount_received receiving_currency  amount_paid payment_currency payment_format  is_laundering
0  2022/09/09 19:26      33727  80C66DAE0    33727  80C66DAE0         16515.55          US Dollar    349189.96     Mexican Peso            ACH              0
1  2022/09/08 18:24      28694  8036FA390   122151  80BDB1470           169.14          US Dollar       169.14        US Dollar           Cash              0
2  2022/09/05 16:06         70  1004286A8    13057  80189B650         19878.41               Euro     19878.41             Euro    Credit Card              0
3  2022/09/06 15:53          9  8060A15C0        9  8060B3140          8390.38              Ruble      8390.38            Ruble           Cash              0
4  2022/09/09 19:12       1853  801449850    17729  808FBDE10            98.92          US Dollar        98.92        US Dollar         Cheque              0
[ 2024-09-13 09:30:27,340] 76 root - INFO - Columns name of numerical features: ['from_bank', 'to_bank', 'amount_received']
[ 2024-09-13 09:30:27,343] 78 root - INFO - Columns name of categorical features: ['account', 'account_1', 'receiving_currency', 'payment_currency', 'payment_format']
[ 2024-09-13 09:30:27,344] 80 root - INFO - Obtaining proprocessing object
[ 2024-09-13 09:30:27,344] 44 root - INFO - Preprocessed both numerical and categorical columns
[ 2024-09-13 09:30:27,344] 83 root - INFO - Applying preprocessing object on training and testing datasets.
[ 2024-09-13 09:30:28,073] 95 root - INFO - Saved data preprocessing object
[ 2024-09-13 09:30:28,083] 27 root - INFO - Get Independent features and Dependent feature from Train and Test datasets
[ 2024-09-13 09:30:28,083] 35 root - INFO - Imbalance dataset - upsampling the train data
[ 2024-09-13 09:30:28,088] 46 root - INFO - Before SMOTE: Counter({0.0: 39959, 1.0: 41})
[ 2024-09-13 09:30:28,113] 48 root - INFO - After SMOTE: Counter({0.0: 39959, 1.0: 39959})
[ 2024-09-13 09:30:28,113] 49 root - INFO - Upsampling the minority class data completed
[ 2024-09-13 09:30:28,116] 81 root - INFO - Grid Search started for RandomForestClassifier()
[ 2024-09-13 09:31:44,716] 85 root - INFO - Grid Search completed for RandomForestClassifier()
[ 2024-09-13 09:31:44,718] 88 root - INFO - Best parameters: {'n_estimators': 100} for RandomForestClassifier()
[ 2024-09-13 09:32:11,989] 98 root - INFO - Obtaining evaluation metrics for RandomForestClassifier() by using best hyperparameters
[ 2024-09-13 09:32:12,140] 81 root - INFO - Grid Search started for AdaBoostClassifier()
[ 2024-09-13 09:34:09,045] 85 root - INFO - Grid Search completed for AdaBoostClassifier()
[ 2024-09-13 09:34:09,045] 88 root - INFO - Best parameters: {'learning_rate': 1.0, 'n_estimators': 200} for AdaBoostClassifier()
[ 2024-09-13 09:34:39,325] 98 root - INFO - Obtaining evaluation metrics for AdaBoostClassifier(n_estimators=200) by using best hyperparameters
[ 2024-09-13 09:34:39,469] 81 root - INFO - Grid Search started for XGBClassifier(base_score=None, booster=None, callbacks=None,
              colsample_bylevel=None, colsample_bynode=None,
              colsample_bytree=None, device=None, early_stopping_rounds=None,
              enable_categorical=False, eval_metric=None, feature_types=None,
              gamma=None, grow_policy=None, importance_type=None,
              interaction_constraints=None, learning_rate=None, max_bin=None,
              max_cat_threshold=None, max_cat_to_onehot=None,
              max_delta_step=None, max_depth=None, max_leaves=None,
              min_child_weight=None, missing=nan, monotone_constraints=None,
              multi_strategy=None, n_estimators=None, n_jobs=None,
              num_parallel_tree=None, random_state=None, ...)
[ 2024-09-13 09:34:46,879] 85 root - INFO - Grid Search completed for XGBClassifier(base_score=None, booster=None, callbacks=None,
              colsample_bylevel=None, colsample_bynode=None,
              colsample_bytree=None, device=None, early_stopping_rounds=None,
              enable_categorical=False, eval_metric=None, feature_types=None,
              gamma=None, grow_policy=None, importance_type=None,
              interaction_constraints=None, learning_rate=None, max_bin=None,
              max_cat_threshold=None, max_cat_to_onehot=None,
              max_delta_step=None, max_depth=None, max_leaves=None,
              min_child_weight=None, missing=nan, monotone_constraints=None,
              multi_strategy=None, n_estimators=None, n_jobs=None,
              num_parallel_tree=None, random_state=None, ...)
[ 2024-09-13 09:34:46,881] 88 root - INFO - Best parameters: {'learning_rate': 0.1, 'n_estimators': 200} for XGBClassifier(base_score=None, booster=None, callbacks=None,
              colsample_bylevel=None, colsample_bynode=None,
              colsample_bytree=None, device=None, early_stopping_rounds=None,
              enable_categorical=False, eval_metric=None, feature_types=None,
              gamma=None, grow_policy=None, importance_type=None,
              interaction_constraints=None, learning_rate=None, max_bin=None,
              max_cat_threshold=None, max_cat_to_onehot=None,
              max_delta_step=None, max_depth=None, max_leaves=None,
              min_child_weight=None, missing=nan, monotone_constraints=None,
              multi_strategy=None, n_estimators=None, n_jobs=None,
              num_parallel_tree=None, random_state=None, ...)
[ 2024-09-13 09:34:47,422] 98 root - INFO - Obtaining evaluation metrics for XGBClassifier(base_score=None, booster=None, callbacks=None,
              colsample_bylevel=None, colsample_bynode=None,
              colsample_bytree=None, device=None, early_stopping_rounds=None,
              enable_categorical=False, eval_metric=None, feature_types=None,
              gamma=None, grow_policy=None, importance_type=None,
              interaction_constraints=None, learning_rate=0.1, max_bin=None,
              max_cat_threshold=None, max_cat_to_onehot=None,
              max_delta_step=None, max_depth=None, max_leaves=None,
              min_child_weight=None, missing=nan, monotone_constraints=None,
              multi_strategy=None, n_estimators=200, n_jobs=None,
              num_parallel_tree=None, random_state=None, ...) by using best hyperparameters
[ 2024-09-13 09:34:47,599] 119 root - INFO - 
 Metrics calculation on Train Data: 
{'Random Forest': [{'Precision': 1.0, 'Recall': 1.0, 'F1 score': 1.0, 'Confusion Matrix': array([[39959,     0],
       [    0, 39959]], dtype=int64)}], 'AdaBoost': [{'Precision': 0.9806111315004067, 'Recall': 0.9802047098275732, 'F1 score': 0.9802005240443007, 'Confusion Matrix': array([[38587,  1372],
       [  210, 39749]], dtype=int64)}], 'XGBoost': [{'Precision': 0.9993748591178393, 'Recall': 0.9993743587176857, 'F1 score': 0.9993743585609542, 'Confusion Matrix': array([[39914,    45],
       [    5, 39954]], dtype=int64)}]}
[ 2024-09-13 09:34:47,599] 120 root - INFO - 
 Metrics calculation on Test Data: 
{'Random Forest': [{'Precision': 0.9975505563909776, 'Recall': 0.9964, 'F1 score': 0.9969673389967253, 'Confusion Matrix': array([[9963,   24],
       [  12,    1]], dtype=int64)}], 'AdaBoost': [{'Precision': 0.998482567850168, 'Recall': 0.8742, 'F1 score': 0.9316088501602564, 'Confusion Matrix': array([[8731, 1256],
       [   2,   11]], dtype=int64)}], 'XGBoost': [{'Precision': 0.9976235608563122, 'Recall': 0.9908, 'F1 score': 0.9941379890139337, 'Confusion Matrix': array([[9906,   81],
       [  11,    2]], dtype=int64)}]}
[ 2024-09-13 09:34:47,600] 89 root - INFO - The models and their corresponding Recall score: 
{'Random Forest': 0.9964, 'AdaBoost': 0.8742, 'XGBoost': 0.9908}
[ 2024-09-13 09:34:47,600] 93 root - INFO - Best Model: Random Forest with Recall score: 0.9964
[ 2024-09-13 09:34:47,741] 108 root - INFO - Model Training completed
[ 2024-09-13 09:34:47,742] 109 root - INFO - Final Recall score for the RandomForestClassifier(): 0.9964
