[ 2024-09-11 16:52:47,665] 23 root - INFO - Entered the 'data ingestion' method or component
[ 2024-09-11 16:52:54,130] 28 root - INFO - Read the dataset as DataFrame
[ 2024-09-11 16:52:54,362] 34 root - INFO - Train Test split initiated
[ 2024-09-11 16:52:54,600] 38 root - INFO - Ingestion of the data completed
[ 2024-09-11 16:52:54,880] 56 root - INFO - Reading train and test data completed
[ 2024-09-11 16:52:54,882] 60 root - INFO - Train and Test dataframe columns name renamed
[ 2024-09-11 16:52:54,886] 62 root - INFO - Train Dataframe Head : 
          timestamp  from_bank    account  to_bank  account_1  amount_received receiving_currency   amount_paid payment_currency payment_format  is_laundering
0  2022/09/02 11:26     353132  814282F31   255063  814282BC1          0.02664            Bitcoin       0.02664          Bitcoin        Bitcoin              0
1  2022/09/02 04:29      29003  80B58DFD0   123390  80EC2ACA0      91604.31000          US Dollar   91604.31000        US Dollar            ACH              0
2  2022/09/10 01:30     143430  810A32FA0   244192  811917200       2145.51000             Shekel    2145.51000           Shekel         Cheque              0
3  2022/09/07 21:25      16678  806484950    17554  806AAFE90     108457.21000              Ruble  108457.21000            Ruble         Cheque              0
4  2022/09/02 06:22        210  809181590    24779  80924A880       7577.02000    Canadian Dollar    7577.02000  Canadian Dollar    Credit Card              0
[ 2024-09-11 16:52:54,889] 63 root - INFO - Test Dataframe Head : 
          timestamp  from_bank    account  to_bank  account_1  amount_received receiving_currency  amount_paid payment_currency payment_format  is_laundering
0  2022/09/09 19:26      33727  80C66DAE0    33727  80C66DAE0         16515.55          US Dollar    349189.96     Mexican Peso            ACH              0
1  2022/09/08 18:24      28694  8036FA390   122151  80BDB1470           169.14          US Dollar       169.14        US Dollar           Cash              0
2  2022/09/05 16:06         70  1004286A8    13057  80189B650         19878.41               Euro     19878.41             Euro    Credit Card              0
3  2022/09/06 15:53          9  8060A15C0        9  8060B3140          8390.38              Ruble      8390.38            Ruble           Cash              0
4  2022/09/09 19:12       1853  801449850    17729  808FBDE10            98.92          US Dollar        98.92        US Dollar         Cheque              0
[ 2024-09-11 16:52:54,892] 76 root - INFO - Columns name of numerical features: ['from_bank', 'to_bank', 'amount_received']
[ 2024-09-11 16:52:54,895] 78 root - INFO - Columns name of categorical features: ['account', 'account_1', 'receiving_currency', 'payment_format']
[ 2024-09-11 16:52:54,895] 80 root - INFO - Obtaining proprocessing object
[ 2024-09-11 16:52:54,895] 44 root - INFO - Preprocessed both numerical and categorical columns
[ 2024-09-11 16:52:54,895] 83 root - INFO - Applying preprocessing object on training and testing datasets.
[ 2024-09-11 16:52:55,522] 95 root - INFO - Saved data preprocessing object
[ 2024-09-11 16:52:55,530] 14 root - INFO - Model evaluation started
[ 2024-09-11 16:52:55,547] 28 root - INFO - model has register
[ 2024-09-11 16:52:55,845] 1253 git.cmd - DEBUG - Popen(['git', 'version'], cwd=C:\Users\yrobi\Desktop\Robin World\Data Science - Machine Learning Prep\01 - MLOps\AML-Fraud-Detection, stdin=None, shell=False, universal_newlines=False)
[ 2024-09-11 16:52:55,889] 1253 git.cmd - DEBUG - Popen(['git', 'version'], cwd=C:\Users\yrobi\Desktop\Robin World\Data Science - Machine Learning Prep\01 - MLOps\AML-Fraud-Detection, stdin=None, shell=False, universal_newlines=False)
[ 2024-09-11 16:52:55,929] 1253 git.cmd - DEBUG - Popen(['git', 'check-ignore', 'C:\\Users\\yrobi\\Desktop\\Robin World\\Data Science - Machine Learning Prep\\01 - MLOps\\AML-Fraud-Detection\\aml_fraud_detector\\pipeline'], cwd=C:\Users\yrobi\Desktop\Robin World\Data Science - Machine Learning Prep\01 - MLOps\AML-Fraud-Detection, stdin=None, shell=False, universal_newlines=False)
[ 2024-09-11 16:52:55,972] 1253 git.cmd - DEBUG - Popen(['git', 'cat-file', '--batch-check'], cwd=C:\Users\yrobi\Desktop\Robin World\Data Science - Machine Learning Prep\01 - MLOps\AML-Fraud-Detection, stdin=<valid stream>, shell=False, universal_newlines=False)
